INFO:     Will watch for changes in these directories: ['C:\\Users\\johns\\OneDrive - Atlantic TU\\CICD3\\DPDProject\\AuthCICD']
INFO:     Uvicorn running on http://0.0.0.0:8004 (Press CTRL+C to quit)
INFO:     Started reloader process [24304] using StatReload
INFO:     Started server process [20512]
INFO:     Waiting for application startup.
2026-01-09 16:58:13,808 INFO sqlalchemy.engine.Engine BEGIN (implicit)
2026-01-09 16:58:13,809 INFO sqlalchemy.engine.Engine PRAGMA main.table_info("credentials")
2026-01-09 16:58:13,809 INFO sqlalchemy.engine.Engine [raw sql] ()
2026-01-09 16:58:13,809 INFO sqlalchemy.engine.Engine COMMIT
INFO:     Application startup complete.
2026-01-09 17:02:44,953 INFO sqlalchemy.engine.Engine BEGIN (implicit)
2026-01-09 17:02:44,957 INFO sqlalchemy.engine.Engine SELECT credentials.id, credentials.account_id, credentials.account_no, credentials.email, credentials.password_hash 
FROM credentials 
WHERE credentials.account_no = ?
2026-01-09 17:02:44,958 INFO sqlalchemy.engine.Engine [generated in 0.00087s] ('A00001',)
2026-01-09 17:02:45,038 INFO sqlalchemy.engine.Engine ROLLBACK
INFO:     127.0.0.1:56160 - "POST /api/auth/token HTTP/1.1" 200 OK
2026-01-09 17:03:40,729 INFO sqlalchemy.engine.Engine BEGIN (implicit)
2026-01-09 17:03:40,730 INFO sqlalchemy.engine.Engine SELECT credentials.id, credentials.account_id, credentials.account_no, credentials.email, credentials.password_hash 
FROM credentials 
WHERE credentials.account_no = ?
2026-01-09 17:03:40,730 INFO sqlalchemy.engine.Engine [cached since 55.77s ago] ('A00002',)
2026-01-09 17:03:40,731 INFO sqlalchemy.engine.Engine ROLLBACK
INFO:     127.0.0.1:49699 - "POST /api/auth/token HTTP/1.1" 401 Unauthorized
2026-01-09 17:03:46,638 INFO sqlalchemy.engine.Engine BEGIN (implicit)
2026-01-09 17:03:46,638 INFO sqlalchemy.engine.Engine SELECT credentials.id, credentials.account_id, credentials.account_no, credentials.email, credentials.password_hash 
FROM credentials 
WHERE credentials.account_no = ?
2026-01-09 17:03:46,638 INFO sqlalchemy.engine.Engine [cached since 61.68s ago] ('A00001',)
2026-01-09 17:03:46,697 INFO sqlalchemy.engine.Engine ROLLBACK
INFO:     127.0.0.1:49702 - "POST /api/auth/token HTTP/1.1" 401 Unauthorized
2026-01-09 17:03:50,179 INFO sqlalchemy.engine.Engine BEGIN (implicit)
2026-01-09 17:03:50,179 INFO sqlalchemy.engine.Engine SELECT credentials.id, credentials.account_id, credentials.account_no, credentials.email, credentials.password_hash 
FROM credentials 
WHERE credentials.account_no = ?
2026-01-09 17:03:50,179 INFO sqlalchemy.engine.Engine [cached since 65.22s ago] ('A00001',)
2026-01-09 17:03:50,264 INFO sqlalchemy.engine.Engine ROLLBACK
INFO:     127.0.0.1:49702 - "POST /api/auth/token HTTP/1.1" 200 OK
